Environment variable DISPLAY is not present in the system.
Switch the backend of matplotlib to agg.
Read 103930 trajectories, including 1454126 frames
Loaded 43613 sequences from data/combine_train_crop10.txt...
Loading data from odom/odometry.npy...
    Processed 0 trajectories...
    Processed 1000 trajectories...
    Processed 2000 trajectories...
    Processed 3000 trajectories...
    Processed 4000 trajectories...
    Processed 5000 trajectories...
    Processed 6000 trajectories...
    Processed 7000 trajectories...
    Processed 8000 trajectories...
    Processed 9000 trajectories...
    Processed 10000 trajectories...
    Processed 11000 trajectories...
    Processed 12000 trajectories...
    Processed 13000 trajectories...
    Processed 14000 trajectories...
    Processed 15000 trajectories...
    Processed 16000 trajectories...
    Processed 17000 trajectories...
    Processed 18000 trajectories...
    Processed 19000 trajectories...
    Processed 20000 trajectories...
    Processed 21000 trajectories...
    Processed 22000 trajectories...
    Processed 23000 trajectories...
    Processed 24000 trajectories...
    Processed 25000 trajectories...
    Processed 26000 trajectories...
    Processed 27000 trajectories...
    Processed 28000 trajectories...
    Processed 29000 trajectories...
    Processed 30000 trajectories...
    Processed 31000 trajectories...
    Processed 32000 trajectories...
    Processed 33000 trajectories...
    Processed 34000 trajectories...
    Processed 35000 trajectories...
    Processed 36000 trajectories...
    Processed 37000 trajectories...
    Processed 38000 trajectories...
    Processed 39000 trajectories...
    Processed 40000 trajectories...
    Processed 41000 trajectories...
    Processed 42000 trajectories...
    Processed 43000 trajectories...
    Processed 44000 trajectories...
    Processed 45000 trajectories...
    Processed 46000 trajectories...
    Processed 47000 trajectories...
    Processed 48000 trajectories...
    Processed 49000 trajectories...
    Processed 50000 trajectories...
    Processed 51000 trajectories...
    Processed 52000 trajectories...
    Processed 53000 trajectories...
    Processed 54000 trajectories...
    Processed 55000 trajectories...
    Processed 56000 trajectories...
    Processed 57000 trajectories...
    Processed 58000 trajectories...
    Processed 59000 trajectories...
    Processed 60000 trajectories...
    Processed 61000 trajectories...
    Processed 62000 trajectories...
    Processed 63000 trajectories...
    Processed 64000 trajectories...
    Processed 65000 trajectories...
    Processed 66000 trajectories...
    Processed 67000 trajectories...
    Processed 68000 trajectories...
    Processed 69000 trajectories...
    Processed 70000 trajectories...
    Processed 71000 trajectories...
    Processed 72000 trajectories...
    Processed 73000 trajectories...
    Processed 74000 trajectories...
    Processed 75000 trajectories...
    Processed 76000 trajectories...
    Processed 77000 trajectories...
    Processed 78000 trajectories...
    Processed 79000 trajectories...
    Processed 80000 trajectories...
    Processed 81000 trajectories...
    Processed 82000 trajectories...
    Processed 83000 trajectories...
    Processed 84000 trajectories...
    Processed 85000 trajectories...
    Processed 86000 trajectories...
    Processed 87000 trajectories...
    Processed 88000 trajectories...
    Processed 89000 trajectories...
    Processed 90000 trajectories...
    Processed 91000 trajectories...
    Processed 92000 trajectories...
    Processed 93000 trajectories...
    Processed 94000 trajectories...
    Processed 95000 trajectories...
    Processed 96000 trajectories...
    Processed 97000 trajectories...
    Processed 98000 trajectories...
    Processed 99000 trajectories...
    Processed 100000 trajectories...
    Processed 101000 trajectories...
    Processed 102000 trajectories...
    Processed 103000 trajectories...
load size (1454126, 13)
Loading data from tartanvo_odom/poses.npy...
    Processed 0 trajectories...
    Processed 1000 trajectories...
    Processed 2000 trajectories...
    Processed 3000 trajectories...
    Processed 4000 trajectories...
    Processed 5000 trajectories...
    Processed 6000 trajectories...
    Processed 7000 trajectories...
    Processed 8000 trajectories...
    Processed 9000 trajectories...
    Processed 10000 trajectories...
    Processed 11000 trajectories...
    Processed 12000 trajectories...
    Processed 13000 trajectories...
    Processed 14000 trajectories...
    Processed 15000 trajectories...
    Processed 16000 trajectories...
    Processed 17000 trajectories...
    Processed 18000 trajectories...
    Processed 19000 trajectories...
    Processed 20000 trajectories...
    Processed 21000 trajectories...
    Processed 22000 trajectories...
    Processed 23000 trajectories...
    Processed 24000 trajectories...
    Processed 25000 trajectories...
    Processed 26000 trajectories...
    Processed 27000 trajectories...
    Processed 28000 trajectories...
    Processed 29000 trajectories...
    Processed 30000 trajectories...
    Processed 31000 trajectories...
    Processed 32000 trajectories...
    Processed 33000 trajectories...
    Processed 34000 trajectories...
    Processed 35000 trajectories...
    Processed 36000 trajectories...
    Processed 37000 trajectories...
    Processed 38000 trajectories...
    Processed 39000 trajectories...
    Processed 40000 trajectories...
    Processed 41000 trajectories...
    Processed 42000 trajectories...
    Processed 43000 trajectories...
    Processed 44000 trajectories...
    Processed 45000 trajectories...
    Processed 46000 trajectories...
    Processed 47000 trajectories...
    Processed 48000 trajectories...
    Processed 49000 trajectories...
    Processed 50000 trajectories...
    Processed 51000 trajectories...
    Processed 52000 trajectories...
    Processed 53000 trajectories...
    Processed 54000 trajectories...
    Processed 55000 trajectories...
    Processed 56000 trajectories...
    Processed 57000 trajectories...
    Processed 58000 trajectories...
    Processed 59000 trajectories...
    Processed 60000 trajectories...
    Processed 61000 trajectories...
    Processed 62000 trajectories...
    Processed 63000 trajectories...
    Processed 64000 trajectories...
    Processed 65000 trajectories...
    Processed 66000 trajectories...
    Processed 67000 trajectories...
    Processed 68000 trajectories...
    Processed 69000 trajectories...
    Processed 70000 trajectories...
    Processed 71000 trajectories...
    Processed 72000 trajectories...
    Processed 73000 trajectories...
    Processed 74000 trajectories...
    Processed 75000 trajectories...
    Processed 76000 trajectories...
    Processed 77000 trajectories...
    Processed 78000 trajectories...
    Processed 79000 trajectories...
    Processed 80000 trajectories...
    Processed 81000 trajectories...
    Processed 82000 trajectories...
    Processed 83000 trajectories...
    Processed 84000 trajectories...
    Processed 85000 trajectories...
    Processed 86000 trajectories...
    Processed 87000 trajectories...
    Processed 88000 trajectories...
    Processed 89000 trajectories...
    Processed 90000 trajectories...
    Processed 91000 trajectories...
    Processed 92000 trajectories...
    Processed 93000 trajectories...
    Processed 94000 trajectories...
    Processed 95000 trajectories...
    Processed 96000 trajectories...
    Processed 97000 trajectories...
    Processed 98000 trajectories...
    Processed 99000 trajectories...
    Processed 100000 trajectories...
    Processed 101000 trajectories...
    Processed 102000 trajectories...
    Processed 103000 trajectories...
load size (1454126, 7)
Loading data from cost2/cost.npy...
    Processed 0 trajectories...
    Processed 1000 trajectories...
    Processed 2000 trajectories...
    Processed 3000 trajectories...
    Processed 4000 trajectories...
    Processed 5000 trajectories...
    Processed 6000 trajectories...
    Processed 7000 trajectories...
    Processed 8000 trajectories...
    Processed 9000 trajectories...
    Processed 10000 trajectories...
    Processed 11000 trajectories...
    Processed 12000 trajectories...
    Processed 13000 trajectories...
    Processed 14000 trajectories...
    Processed 15000 trajectories...
    Processed 16000 trajectories...
    Processed 17000 trajectories...
    Processed 18000 trajectories...
    Processed 19000 trajectories...
    Processed 20000 trajectories...
    Processed 21000 trajectories...
    Processed 22000 trajectories...
    Processed 23000 trajectories...
    Processed 24000 trajectories...
    Processed 25000 trajectories...
    Processed 26000 trajectories...
    Processed 27000 trajectories...
    Processed 28000 trajectories...
    Processed 29000 trajectories...
    Processed 30000 trajectories...
    Processed 31000 trajectories...
    Processed 32000 trajectories...
    Processed 33000 trajectories...
    Processed 34000 trajectories...
    Processed 35000 trajectories...
    Processed 36000 trajectories...
    Processed 37000 trajectories...
    Processed 38000 trajectories...
    Processed 39000 trajectories...
    Processed 40000 trajectories...
    Processed 41000 trajectories...
    Processed 42000 trajectories...
    Processed 43000 trajectories...
    Processed 44000 trajectories...
    Processed 45000 trajectories...
    Processed 46000 trajectories...
    Processed 47000 trajectories...
    Processed 48000 trajectories...
    Processed 49000 trajectories...
    Processed 50000 trajectories...
    Processed 51000 trajectories...
    Processed 52000 trajectories...
    Processed 53000 trajectories...
    Processed 54000 trajectories...
    Processed 55000 trajectories...
    Processed 56000 trajectories...
    Processed 57000 trajectories...
    Processed 58000 trajectories...
    Processed 59000 trajectories...
    Processed 60000 trajectories...
    Processed 61000 trajectories...
    Processed 62000 trajectories...
    Processed 63000 trajectories...
    Processed 64000 trajectories...
    Processed 65000 trajectories...
    Processed 66000 trajectories...
    Processed 67000 trajectories...
    Processed 68000 trajectories...
    Processed 69000 trajectories...
    Processed 70000 trajectories...
    Processed 71000 trajectories...
    Processed 72000 trajectories...
    Processed 73000 trajectories...
    Processed 74000 trajectories...
    Processed 75000 trajectories...
    Processed 76000 trajectories...
    Processed 77000 trajectories...
    Processed 78000 trajectories...
    Processed 79000 trajectories...
    Processed 80000 trajectories...
    Processed 81000 trajectories...
    Processed 82000 trajectories...
    Processed 83000 trajectories...
    Processed 84000 trajectories...
    Processed 85000 trajectories...
    Processed 86000 trajectories...
    Processed 87000 trajectories...
    Processed 88000 trajectories...
    Processed 89000 trajectories...
    Processed 90000 trajectories...
    Processed 91000 trajectories...
    Processed 92000 trajectories...
    Processed 93000 trajectories...
    Processed 94000 trajectories...
    Processed 95000 trajectories...
    Processed 96000 trajectories...
    Processed 97000 trajectories...
    Processed 98000 trajectories...
    Processed 99000 trajectories...
    Processed 100000 trajectories...
    Processed 101000 trajectories...
    Processed 102000 trajectories...
    Processed 103000 trajectories...
load size (1454126,)
Read 5748 trajectories, including 80915 frames
Loaded 2477 sequences from data/combine_test_crop10.txt...
Loading data from odom/odometry.npy...
    Processed 0 trajectories...
    Processed 1000 trajectories...
    Processed 2000 trajectories...
    Processed 3000 trajectories...
    Processed 4000 trajectories...
    Processed 5000 trajectories...
load size (80915, 13)
Loading data from tartanvo_odom/poses.npy...
    Processed 0 trajectories...
    Processed 1000 trajectories...
    Processed 2000 trajectories...
    Processed 3000 trajectories...
    Processed 4000 trajectories...
    Processed 5000 trajectories...
load size (80915, 7)
Loading data from cost2/cost.npy...
    Processed 0 trajectories...
    Processed 1000 trajectories...
    Processed 2000 trajectories...
    Processed 3000 trajectories...
    Processed 4000 trajectories...
    Processed 5000 trajectories...
load size (80915,)
PLTIntermittentPlotter initialized.
New epoch..
New epoch..
New epoch..
New epoch..
New epoch..
